MPASM 5.72            NEWASMTEMPLATEMAIN.ASM   4-6-2017  23:02:38         PAGE  1


LOC  OBJECT CODE     LINE SOURCE TEXT
  VALUE

Warning[205]: Found directive in column 1. (LIST)
Warning[215]: Processor superseded by command line.  Verify processor symbol.
                      00001 LIST P=16F527
                      00002 #INCLUDE<P16F527.INC>
                      00001         LIST
                      00002 
                      00003 ;==========================================================================
                      00004 ; Build date : Jan 30 2017
                      00005 ;  MPASM PIC16F527 processor include
                      00006 ; 
                      00007 ;  (c) Copyright 1999-2017 Microchip Technology, All rights reserved
                      00008 ;==========================================================================
                      00009 
Message[301]: MESSAGE: (Processor-header file mismatch.  Verify selected processor.)
                      00353         LIST
Warning[205]: Found directive in column 1. (__CONFIG)
Error[113]  : Symbol not previously defined (_BOD_ON)
Error[113]  : Symbol not previously defined (_IOSCFS_4MHZ)
Error[113]  : Symbol not previously defined (_PWRTE_ON)
Error[113]  : Symbol not previously defined (_INTOSCIO)
Error[113]  : Symbol not previously defined (_WDT_OFF)
Error[126]  : Argument out of range (not a valid config register address)
Error[126]  : Argument out of range (not a valid config register address)
                      00003 __CONFIG _BOD_ON&_IOSCFS_4MHZ&_CP_OFF&_MCLRE_ON&_PWRTE_ON&_INTOSCIO&_WDT_OFF
Error[121]  : Illegal label (COUNT)
                      00004 COUNT               CBLOCK  20H
                      00005                     ENDC
Error[113]  : Symbol not previously defined (OOH)
                      00006                     ORG     OOH
0000   0000           00007                     NOP
0001   0000           00008                     NOP
0002   0000           00009                     NOP
Error[113]  : Symbol not previously defined (MAIN)
0003   2800           00010                     GOTO    MAIN
                      00011             
0004   3082           00012 DELAY100MS          MOVLW   82H
0005   00A4           00013                     MOVWF   24H
Warning[207]: Found label after column 1. (LOOP1)
0006   30FF           00014     LOOP1           MOVLW   0FFH
0007   00A5           00015                     MOVWF   25H
Warning[207]: Found label after column 1. (LOOP2)
Message[305]: Using default destination of 1 (file).
0008   0BA5           00016     LOOP2           DECFSZ  25H
0009   2???           00017                     GOTO    LOOP2
Message[305]: Using default destination of 1 (file).
000A   0BA4           00018                     DECFSZ  24H 
000B   2???           00019                     GOTO    LOOP1
000C   0008           00020                     RETURN
                      00021             
000D   3004           00022 DELAY0.4S           MOVLW   04h
000E   00A6           00023                     MOVWF   26H
                      00024 
Error[129]  : Expected (END)
MPASM 5.72            NEWASMTEMPLATEMAIN.ASM   4-6-2017  23:02:38         PAGE  2


SYMBOL TABLE
  LABEL                             VALUE 

ADCON0                            00000009
ADCS0                             00000006
ADCS1                             00000007
ADIE                              00000007
ADIF                              00000007
ADON                              00000000
ADRES                             0000000A
ADRES0                            00000000
ADRES1                            00000001
ADRES2                            00000002
ADRES3                            00000003
ADRES4                            00000004
ADRES5                            00000005
ADRES6                            00000006
ADRES7                            00000007
ANS0                              00000000
ANS1                              00000001
ANS2                              00000002
ANS3                              00000003
ANS4                              00000004
ANS5                              00000005
ANS6                              00000006
ANS7                              00000007
ANSEL                             0000002A
C                                 00000000
C1NREF                            00000002
C1ON                              00000003
C1OUT                             00000007
C1POL                             00000005
C1PREF                            00000001
C2NREF                            00000002
C2ON                              00000003
C2OUT                             00000007
C2POL                             00000005
C2PREF1                           00000001
C2PREF2                           00000004
CAL0                              00000001
CAL1                              00000002
CAL2                              00000003
CAL3                              00000004
CAL4                              00000005
CAL5                              00000006
CAL6                              00000007
CHS0                              00000002
CHS1                              00000003
CHS2                              00000004
CHS3                              00000005
CM1CON0                           00000027
CM2CON0                           00000028
CWIE                              00000006
CWIF                              00000006
DC                                00000001
DELAY0.4S                         0000000D
MPASM 5.72            NEWASMTEMPLATEMAIN.ASM   4-6-2017  23:02:38         PAGE  3


SYMBOL TABLE
  LABEL                             VALUE 

DELAY100MS                        00000004
EEADR                             00000026
EECON                             00000021
EEDATA                            00000025
F                                 00000001
FREE                              00000004
FSR                               00000004
GIE                               00000000
GO                                00000001
GO_NOT_DONE                       00000001
IBSR                              00000068
IFSR                              00000067
INDF                              00000000
INTCON                            0000000B
INTCON0                           0000000B
INTCON1                           00000065
INTIE_REG                         00000065
ISTATUS                           00000066
IW                                00000061
LOOP1                             00000006
LOOP2                             00000008
NOT_C1OUTEN                       00000006
NOT_C1T0CS                        00000004
NOT_C1WU                          00000000
NOT_C2OUTEN                       00000006
NOT_C2WU                          00000000
NOT_DONE                          00000001
NOT_PD                            00000003
NOT_RAPU                          00000006
NOT_RAWU                          00000007
NOT_TO                            00000004
OPA1ON                            00000000
OPA2ON                            00000001
OPACON                            00000069
OSCCAL                            00000005
PA0                               00000005
PA1                               00000006
PCL                               00000002
PORTA                             00000006
PORTB                             00000007
PORTC                             00000008
PS0                               00000000
PS1                               00000001
PS2                               00000002
PSA                               00000003
RA0                               00000000
RA1                               00000001
RA2                               00000002
RA3                               00000003
RA4                               00000004
RA5                               00000005
RAIE                              00000004
RAIF                              00000004
MPASM 5.72            NEWASMTEMPLATEMAIN.ASM   4-6-2017  23:02:38         PAGE  4


SYMBOL TABLE
  LABEL                             VALUE 

RB4                               00000004
RB5                               00000005
RB6                               00000006
RB7                               00000007
RC0                               00000000
RC1                               00000001
RC2                               00000002
RC3                               00000003
RC4                               00000004
RC5                               00000005
RC6                               00000006
RC7                               00000007
RD                                00000000
STATUS                            00000003
T0CS                              00000005
T0IE                              00000005
T0IF                              00000005
T0SE                              00000004
TMR0                              00000001
TRISA0                            00000000
TRISA1                            00000001
TRISA2                            00000002
TRISA4                            00000004
TRISA5                            00000005
TRISB4                            00000004
TRISB5                            00000005
TRISB6                            00000006
TRISB7                            00000007
TRISC0                            00000000
TRISC1                            00000001
TRISC2                            00000002
TRISC3                            00000003
TRISC4                            00000004
TRISC5                            00000005
TRISC6                            00000006
TRISC7                            00000007
VR0                               00000000
VR1                               00000001
VR2                               00000002
VR3                               00000003
VRCON                             00000029
VREN                              00000007
VROE                              00000006
VRR                               00000005
W                                 00000000
WR                                00000001
WREN                              00000002
WRERR                             00000003
WUR                               00000000
Z                                 00000002
_BOREN_OFF                        00000EFF
_BOREN_ON                         00000FFF
_CONFIG                           00000FFF
MPASM 5.72            NEWASMTEMPLATEMAIN.ASM   4-6-2017  23:02:38         PAGE  5


SYMBOL TABLE
  LABEL                             VALUE 

_CPSW_OFF                         00000FFF
_CPSW_ON                          00000F7F
_CP_OFF                           00000FFF
_CP_ON                            00000FEF
_DRTEN_OFF                        00000DFF
_DRTEN_ON                         00000FFF
_FOSC_EC                          00000FFB
_FOSC_EXTRC_CLKOUT                00000FFF
_FOSC_EXTRC_IO                    00000FFE
_FOSC_HS                          00000FFA
_FOSC_INTRC_CLKOUT                00000FFD
_FOSC_INTRC_IO                    00000FFC
_FOSC_LP                          00000FF8
_FOSC_XT                          00000FF9
_IDLOC0                           00000440
_IDLOC1                           00000441
_IDLOC2                           00000442
_IDLOC3                           00000443
_IOSCFS_4MHz                      00000FBF
_IOSCFS_8MHz                      00000FFF
_MCLRE_OFF                        00000FDF
_MCLRE_ON                         00000FFF
_WDTE_OFF                         00000FF7
_WDTE_ON                          00000FFF
__16F1527                         00000001

Errors   :    11
Warnings :     5 reported,     0 suppressed
Messages :     3 reported,     0 suppressed

